2026-07-20 09:31:29.818 [restartedMain] INFO  com.cts.Demo1Application - Starting Demo1Application using Java 21.0.2 with PID 21616 (C:\Users\2507326\OneDrive - Cognizant\Desktop\Avengers\GenC-Dossier-Application\MyProjectWork\target\classes started by 2507326 in C:\Users\2507326\OneDrive - Cognizant\Desktop\Avengers\GenC-Dossier-Application\MyProjectWork)
2026-07-20 09:31:29.828 [restartedMain] DEBUG com.cts.Demo1Application - Running with Spring Boot v3.2.4, Spring v6.1.5
2026-07-20 09:31:29.829 [restartedMain] INFO  com.cts.Demo1Application - No active profile set, falling back to 1 default profile: "default"
2026-07-20 09:31:40.517 [restartedMain] DEBUG com.cts.security.AuthTokenFilter - Filter 'authTokenFilter' configured for use
2026-07-20 09:31:45.728 [restartedMain] INFO  com.cts.Demo1Application - Started Demo1Application in 16.572 seconds (process running for 18.299)
2026-07-20 09:35:50.673 [http-nio-8086-exec-2] INFO  com.cts.security.AuthTokenFilter - AuthTokenFilter: parsed JWT present=true
2026-07-20 09:35:51.082 [http-nio-8086-exec-2] INFO  com.cts.security.AuthTokenFilter - AuthTokenFilter: token valid for user=admin@dossier.com
2026-07-20 09:35:55.593 [http-nio-8086-exec-3] INFO  com.cts.security.AuthTokenFilter - AuthTokenFilter: parsed JWT present=true
2026-07-20 09:35:55.613 [http-nio-8086-exec-5] INFO  com.cts.security.AuthTokenFilter - AuthTokenFilter: parsed JWT present=true
2026-07-20 09:35:55.616 [http-nio-8086-exec-3] INFO  com.cts.security.AuthTokenFilter - AuthTokenFilter: token valid for user=admin@dossier.com
2026-07-20 09:35:55.633 [http-nio-8086-exec-5] INFO  com.cts.security.AuthTokenFilter - AuthTokenFilter: token valid for user=admin@dossier.com
2026-07-20 09:37:28.426 [http-nio-8086-exec-9] INFO  com.cts.security.AuthTokenFilter - AuthTokenFilter: parsed JWT present=false
2026-07-20 09:37:28.428 [http-nio-8086-exec-9] DEBUG com.cts.security.AuthTokenFilter - AuthTokenFilter: no valid JWT found, request will remain unauthenticated
2026-07-20 09:37:31.351 [http-nio-8086-exec-3] INFO  com.cts.security.AuthTokenFilter - AuthTokenFilter: parsed JWT present=true
2026-07-20 09:37:31.375 [http-nio-8086-exec-3] INFO  com.cts.security.AuthTokenFilter - AuthTokenFilter: token valid for user=Gopal.Likhitha@cognizant.com
2026-07-20 09:37:31.452 [http-nio-8086-exec-3] INFO  c.cts.controller.TraineeController - Received request to fetch candidate with ID: 109647
2026-07-20 09:37:31.731 [http-nio-8086-exec-3] DEBUG c.cts.controller.TraineeController - Successfully fetched candidate with ID: 109647
2026-07-20 09:37:31.832 [http-nio-8086-exec-5] INFO  com.cts.security.AuthTokenFilter - AuthTokenFilter: parsed JWT present=true
2026-07-20 09:37:31.854 [http-nio-8086-exec-5] INFO  com.cts.security.AuthTokenFilter - AuthTokenFilter: token valid for user=Gopal.Likhitha@cognizant.com
2026-07-20 09:37:31.908 [http-nio-8086-exec-5] INFO  c.cts.controller.TraineeController - Received request to fetch candidate with ID: 109647
2026-07-20 09:37:31.958 [http-nio-8086-exec-5] DEBUG c.cts.controller.TraineeController - Successfully fetched candidate with ID: 109647
2026-07-20 09:37:31.969 [http-nio-8086-exec-6] INFO  com.cts.security.AuthTokenFilter - AuthTokenFilter: parsed JWT present=true
2026-07-20 09:37:31.994 [http-nio-8086-exec-6] INFO  com.cts.security.AuthTokenFilter - AuthTokenFilter: token valid for user=Gopal.Likhitha@cognizant.com
2026-07-20 09:37:32.036 [http-nio-8086-exec-6] INFO  c.cts.controller.TraineeController - Received request to fetch candidate with ID: 109647
2026-07-20 09:37:32.045 [http-nio-8086-exec-7] INFO  com.cts.security.AuthTokenFilter - AuthTokenFilter: parsed JWT present=false
2026-07-20 09:37:32.045 [http-nio-8086-exec-7] DEBUG com.cts.security.AuthTokenFilter - AuthTokenFilter: no valid JWT found, request will remain unauthenticated
2026-07-20 09:37:32.085 [http-nio-8086-exec-6] DEBUG c.cts.controller.TraineeController - Successfully fetched candidate with ID: 109647
2026-07-20 09:37:32.105 [http-nio-8086-exec-8] INFO  com.cts.security.AuthTokenFilter - AuthTokenFilter: parsed JWT present=true
2026-07-20 09:37:32.142 [http-nio-8086-exec-8] INFO  com.cts.security.AuthTokenFilter - AuthTokenFilter: token valid for user=Gopal.Likhitha@cognizant.com
2026-07-20 09:37:32.595 [http-nio-8086-exec-8] INFO  c.cts.controller.TraineeController - Received request to fetch candidate with ID: 109647
2026-07-20 09:37:32.642 [http-nio-8086-exec-8] DEBUG c.cts.controller.TraineeController - Successfully fetched candidate with ID: 109647
2026-07-20 09:38:52.303 [http-nio-8086-exec-3] INFO  com.cts.security.AuthTokenFilter - AuthTokenFilter: parsed JWT present=false
2026-07-20 09:38:52.303 [http-nio-8086-exec-3] DEBUG com.cts.security.AuthTokenFilter - AuthTokenFilter: no valid JWT found, request will remain unauthenticated
2026-07-20 09:38:58.016 [http-nio-8086-exec-6] INFO  com.cts.security.AuthTokenFilter - AuthTokenFilter: parsed JWT present=false
2026-07-20 09:38:58.016 [http-nio-8086-exec-6] DEBUG com.cts.security.AuthTokenFilter - AuthTokenFilter: no valid JWT found, request will remain unauthenticated
2026-07-20 09:38:59.682 [http-nio-8086-exec-9] INFO  com.cts.security.AuthTokenFilter - AuthTokenFilter: parsed JWT present=true
2026-07-20 09:38:59.702 [http-nio-8086-exec-9] INFO  com.cts.security.AuthTokenFilter - AuthTokenFilter: token valid for user=leader1@dossier.com
2026-07-20 09:38:59.726 [http-nio-8086-exec-9] INFO  com.cts.controller.LeaderController - Filter candidates - prog: null, tools: null, fw: null, cert: null, cohort: null, loc: null, associateId: null, sls: null, page: 0
2026-07-20 09:39:04.651 [http-nio-8086-exec-2] INFO  com.cts.security.AuthTokenFilter - AuthTokenFilter: parsed JWT present=true
2026-07-20 09:39:04.661 [http-nio-8086-exec-2] INFO  com.cts.security.AuthTokenFilter - AuthTokenFilter: token valid for user=leader1@dossier.com
2026-07-20 09:39:04.681 [http-nio-8086-exec-2] INFO  com.cts.controller.LeaderController - Filter candidates - prog: null, tools: null, fw: null, cert: null, cohort: null, loc: null, associateId: null, sls: null, page: 0
2026-07-20 09:39:09.120 [http-nio-8086-exec-10] INFO  com.cts.security.AuthTokenFilter - AuthTokenFilter: parsed JWT present=true
2026-07-20 09:39:09.137 [http-nio-8086-exec-10] INFO  com.cts.security.AuthTokenFilter - AuthTokenFilter: token valid for user=leader1@dossier.com
2026-07-20 09:39:09.159 [http-nio-8086-exec-10] INFO  com.cts.controller.LeaderController - Leader request to fetch candidate with ID: 103476
2026-07-20 09:39:09.235 [http-nio-8086-exec-4] INFO  com.cts.security.AuthTokenFilter - AuthTokenFilter: parsed JWT present=true
2026-07-20 09:39:09.252 [http-nio-8086-exec-4] INFO  com.cts.security.AuthTokenFilter - AuthTokenFilter: token valid for user=leader1@dossier.com
2026-07-20 09:39:09.271 [http-nio-8086-exec-4] INFO  com.cts.controller.LeaderController - Leader request to fetch candidate with ID: 103476
2026-07-20 09:39:09.271 [http-nio-8086-exec-3] INFO  com.cts.security.AuthTokenFilter - AuthTokenFilter: parsed JWT present=false
2026-07-20 09:39:09.277 [http-nio-8086-exec-3] DEBUG com.cts.security.AuthTokenFilter - AuthTokenFilter: no valid JWT found, request will remain unauthenticated
2026-07-20 09:39:21.186 [http-nio-8086-exec-7] INFO  com.cts.security.AuthTokenFilter - AuthTokenFilter: parsed JWT present=true
2026-07-20 09:39:21.204 [http-nio-8086-exec-7] INFO  com.cts.security.AuthTokenFilter - AuthTokenFilter: token valid for user=leader1@dossier.com
2026-07-20 09:39:21.220 [http-nio-8086-exec-7] INFO  com.cts.controller.LeaderController - Filter candidates - prog: null, tools: null, fw: null, cert: null, cohort: null, loc: null, associateId: null, sls: null, page: 0
2026-07-20 09:39:21.639 [http-nio-8086-exec-8] INFO  com.cts.security.AuthTokenFilter - AuthTokenFilter: parsed JWT present=true
2026-07-20 09:39:21.658 [http-nio-8086-exec-8] INFO  com.cts.security.AuthTokenFilter - AuthTokenFilter: token valid for user=leader1@dossier.com
2026-07-20 09:39:21.669 [http-nio-8086-exec-8] INFO  com.cts.controller.LeaderController - Filter candidates - prog: null, tools: null, fw: null, cert: null, cohort: null, loc: null, associateId: null, sls: null, page: 0
2026-07-20 09:39:34.880 [http-nio-8086-exec-2] INFO  com.cts.security.AuthTokenFilter - AuthTokenFilter: parsed JWT present=true
2026-07-20 09:39:34.894 [http-nio-8086-exec-2] INFO  com.cts.security.AuthTokenFilter - AuthTokenFilter: token valid for user=leader1@dossier.com
2026-07-20 09:39:34.933 [http-nio-8086-exec-2] INFO  com.cts.controller.LeaderController - Filter candidates - prog: null, tools: null, fw: null, cert: null, cohort: null, loc: Chennai, associateId: null, sls: null, page: 0
2026-07-20 09:39:44.930 [http-nio-8086-exec-10] INFO  com.cts.security.AuthTokenFilter - AuthTokenFilter: parsed JWT present=true
2026-07-20 09:39:44.951 [http-nio-8086-exec-10] INFO  com.cts.security.AuthTokenFilter - AuthTokenFilter: token valid for user=leader1@dossier.com
2026-07-20 09:39:44.967 [http-nio-8086-exec-10] INFO  com.cts.controller.LeaderController - Filter candidates - prog: null, tools: null, fw: null, cert: null, cohort: null, loc: null, associateId: null, sls: null, page: 0
2026-07-20 09:39:57.991 [http-nio-8086-exec-3] INFO  com.cts.security.AuthTokenFilter - AuthTokenFilter: parsed JWT present=false
2026-07-20 09:39:58.001 [http-nio-8086-exec-3] DEBUG com.cts.security.AuthTokenFilter - AuthTokenFilter: no valid JWT found, request will remain unauthenticated
2026-07-20 09:39:58.023 [http-nio-8086-exec-6] INFO  com.cts.security.AuthTokenFilter - AuthTokenFilter: parsed JWT present=true
2026-07-20 09:39:58.133 [http-nio-8086-exec-6] INFO  com.cts.security.AuthTokenFilter - AuthTokenFilter: token valid for user=leader1@dossier.com
2026-07-20 09:39:58.150 [http-nio-8086-exec-6] INFO  com.cts.controller.LeaderController - Leader request to fetch candidate with ID: 109599
2026-07-20 09:39:58.283 [http-nio-8086-exec-7] INFO  com.cts.security.AuthTokenFilter - AuthTokenFilter: parsed JWT present=true
2026-07-20 09:39:58.306 [http-nio-8086-exec-7] INFO  com.cts.security.AuthTokenFilter - AuthTokenFilter: token valid for user=leader1@dossier.com
2026-07-20 09:39:58.316 [http-nio-8086-exec-7] INFO  com.cts.controller.LeaderController - Leader request to fetch candidate with ID: 109599
2026-07-20 09:39:58.321 [http-nio-8086-exec-8] INFO  com.cts.security.AuthTokenFilter - AuthTokenFilter: parsed JWT present=false
2026-07-20 09:39:58.321 [http-nio-8086-exec-8] DEBUG com.cts.security.AuthTokenFilter - AuthTokenFilter: no valid JWT found, request will remain unauthenticated
2026-07-20 09:52:03.814 [http-nio-8086-exec-5] INFO  com.cts.security.AuthTokenFilter - AuthTokenFilter: parsed JWT present=true
2026-07-20 09:52:03.840 [http-nio-8086-exec-5] INFO  com.cts.security.AuthTokenFilter - AuthTokenFilter: token valid for user=leader1@dossier.com
2026-07-20 09:52:03.861 [http-nio-8086-exec-5] INFO  com.cts.controller.LeaderController - Filter candidates - prog: null, tools: null, fw: null, cert: null, cohort: null, loc: null, associateId: null, sls: null, page: 0
2026-07-20 09:52:04.064 [http-nio-8086-exec-3] INFO  com.cts.security.AuthTokenFilter - AuthTokenFilter: parsed JWT present=true
2026-07-20 09:52:04.083 [http-nio-8086-exec-3] INFO  com.cts.security.AuthTokenFilter - AuthTokenFilter: token valid for user=leader1@dossier.com
2026-07-20 09:52:04.093 [http-nio-8086-exec-3] INFO  com.cts.controller.LeaderController - Filter candidates - prog: null, tools: null, fw: null, cert: null, cohort: null, loc: null, associateId: null, sls: null, page: 0
2026-07-20 09:52:08.781 [http-nio-8086-exec-6] INFO  com.cts.security.AuthTokenFilter - AuthTokenFilter: parsed JWT present=false
2026-07-20 09:52:08.787 [http-nio-8086-exec-6] DEBUG com.cts.security.AuthTokenFilter - AuthTokenFilter: no valid JWT found, request will remain unauthenticated
2026-07-20 09:52:10.054 [http-nio-8086-exec-7] INFO  com.cts.security.AuthTokenFilter - AuthTokenFilter: parsed JWT present=true
2026-07-20 09:52:10.074 [http-nio-8086-exec-7] INFO  com.cts.security.AuthTokenFilter - AuthTokenFilter: token valid for user=Gopal.Likhitha@cognizant.com
2026-07-20 09:52:10.100 [http-nio-8086-exec-7] INFO  c.cts.controller.TraineeController - Received request to fetch candidate with ID: 109647
2026-07-20 09:52:10.130 [http-nio-8086-exec-7] DEBUG c.cts.controller.TraineeController - Successfully fetched candidate with ID: 109647
2026-07-20 09:52:10.130 [http-nio-8086-exec-2] INFO  com.cts.security.AuthTokenFilter - AuthTokenFilter: parsed JWT present=true
2026-07-20 09:52:10.145 [http-nio-8086-exec-2] INFO  com.cts.security.AuthTokenFilter - AuthTokenFilter: token valid for user=Gopal.Likhitha@cognizant.com
2026-07-20 09:52:10.174 [http-nio-8086-exec-2] INFO  c.cts.controller.TraineeController - Received request to fetch candidate with ID: 109647
2026-07-20 09:52:10.205 [http-nio-8086-exec-2] DEBUG c.cts.controller.TraineeController - Successfully fetched candidate with ID: 109647
2026-07-20 09:52:10.207 [http-nio-8086-exec-1] INFO  com.cts.security.AuthTokenFilter - AuthTokenFilter: parsed JWT present=true
2026-07-20 09:52:10.221 [http-nio-8086-exec-1] INFO  com.cts.security.AuthTokenFilter - AuthTokenFilter: token valid for user=Gopal.Likhitha@cognizant.com
2026-07-20 09:52:10.246 [http-nio-8086-exec-1] INFO  c.cts.controller.TraineeController - Received request to fetch candidate with ID: 109647
2026-07-20 09:52:10.279 [http-nio-8086-exec-1] DEBUG c.cts.controller.TraineeController - Successfully fetched candidate with ID: 109647
2026-07-20 09:52:10.286 [http-nio-8086-exec-9] INFO  com.cts.security.AuthTokenFilter - AuthTokenFilter: parsed JWT present=true
2026-07-20 09:52:10.307 [http-nio-8086-exec-9] INFO  com.cts.security.AuthTokenFilter - AuthTokenFilter: token valid for user=Gopal.Likhitha@cognizant.com
2026-07-20 09:52:10.335 [http-nio-8086-exec-9] INFO  c.cts.controller.TraineeController - Received request to fetch candidate with ID: 109647
2026-07-20 09:52:10.365 [http-nio-8086-exec-9] DEBUG c.cts.controller.TraineeController - Successfully fetched candidate with ID: 109647
2026-07-20 09:52:10.369 [http-nio-8086-exec-4] INFO  com.cts.security.AuthTokenFilter - AuthTokenFilter: parsed JWT present=false
2026-07-20 09:52:10.369 [http-nio-8086-exec-4] DEBUG com.cts.security.AuthTokenFilter - AuthTokenFilter: no valid JWT found, request will remain unauthenticated
2026-07-20 10:19:57.118 [http-nio-8086-exec-7] INFO  com.cts.security.AuthTokenFilter - AuthTokenFilter: parsed JWT present=true
2026-07-20 10:19:57.126 [http-nio-8086-exec-7] INFO  com.cts.security.AuthTokenFilter - AuthTokenFilter: token valid for user=Gopal.Likhitha@cognizant.com
2026-07-20 10:19:57.187 [http-nio-8086-exec-2] INFO  com.cts.security.AuthTokenFilter - AuthTokenFilter: parsed JWT present=true
2026-07-20 10:19:57.196 [http-nio-8086-exec-2] INFO  com.cts.security.AuthTokenFilter - AuthTokenFilter: token valid for user=Gopal.Likhitha@cognizant.com
2026-07-20 10:19:58.721 [http-nio-8086-exec-9] INFO  com.cts.security.AuthTokenFilter - AuthTokenFilter: parsed JWT present=true
2026-07-20 10:19:58.727 [http-nio-8086-exec-9] INFO  com.cts.security.AuthTokenFilter - AuthTokenFilter: token valid for user=Gopal.Likhitha@cognizant.com
2026-07-20 10:19:58.741 [http-nio-8086-exec-4] INFO  com.cts.security.AuthTokenFilter - AuthTokenFilter: parsed JWT present=true
2026-07-20 10:19:58.749 [http-nio-8086-exec-4] INFO  com.cts.security.AuthTokenFilter - AuthTokenFilter: token valid for user=Gopal.Likhitha@cognizant.com
2026-07-20 10:19:58.756 [http-nio-8086-exec-10] INFO  com.cts.security.AuthTokenFilter - AuthTokenFilter: parsed JWT present=true
2026-07-20 10:19:58.763 [http-nio-8086-exec-10] INFO  com.cts.security.AuthTokenFilter - AuthTokenFilter: token valid for user=Gopal.Likhitha@cognizant.com
2026-07-20 10:19:58.784 [http-nio-8086-exec-10] INFO  c.cts.controller.TraineeController - Received request to fetch candidate with ID: 109647
2026-07-20 10:19:58.803 [http-nio-8086-exec-10] DEBUG c.cts.controller.TraineeController - Successfully fetched candidate with ID: 109647
2026-07-20 10:19:58.806 [http-nio-8086-exec-10] INFO  com.cts.security.AuthTokenFilter - AuthTokenFilter: parsed JWT present=true
2026-07-20 10:19:58.808 [http-nio-8086-exec-10] INFO  com.cts.security.AuthTokenFilter - AuthTokenFilter: token valid for user=Gopal.Likhitha@cognizant.com
2026-07-20 10:19:58.825 [http-nio-8086-exec-10] INFO  c.cts.controller.TraineeController - Received request to fetch candidate with ID: 109647
2026-07-20 10:19:58.839 [http-nio-8086-exec-10] DEBUG c.cts.controller.TraineeController - Successfully fetched candidate with ID: 109647
2026-07-20 10:19:58.842 [http-nio-8086-exec-8] INFO  com.cts.security.AuthTokenFilter - AuthTokenFilter: parsed JWT present=true
2026-07-20 10:19:58.848 [http-nio-8086-exec-8] INFO  com.cts.security.AuthTokenFilter - AuthTokenFilter: token valid for user=Gopal.Likhitha@cognizant.com
2026-07-20 10:19:58.859 [http-nio-8086-exec-8] INFO  c.cts.controller.TraineeController - Received request to fetch candidate with ID: 109647
2026-07-20 10:19:58.866 [http-nio-8086-exec-6] INFO  com.cts.security.AuthTokenFilter - AuthTokenFilter: parsed JWT present=false
2026-07-20 10:19:58.866 [http-nio-8086-exec-6] DEBUG com.cts.security.AuthTokenFilter - AuthTokenFilter: no valid JWT found, request will remain unauthenticated
2026-07-20 10:19:58.877 [http-nio-8086-exec-8] DEBUG c.cts.controller.TraineeController - Successfully fetched candidate with ID: 109647
2026-07-20 10:19:58.880 [http-nio-8086-exec-7] INFO  com.cts.security.AuthTokenFilter - AuthTokenFilter: parsed JWT present=true
2026-07-20 10:19:58.886 [http-nio-8086-exec-7] INFO  com.cts.security.AuthTokenFilter - AuthTokenFilter: token valid for user=Gopal.Likhitha@cognizant.com
2026-07-20 10:19:58.894 [http-nio-8086-exec-7] INFO  c.cts.controller.TraineeController - Received request to fetch candidate with ID: 109647
2026-07-20 10:19:58.908 [http-nio-8086-exec-7] DEBUG c.cts.controller.TraineeController - Successfully fetched candidate with ID: 109647
2026-07-20 10:28:08.188 [http-nio-8086-exec-6] INFO  com.cts.security.AuthTokenFilter - AuthTokenFilter: parsed JWT present=true
2026-07-20 10:28:08.195 [http-nio-8086-exec-6] INFO  com.cts.security.AuthTokenFilter - AuthTokenFilter: token valid for user=Gopal.Likhitha@cognizant.com
2026-07-20 10:28:08.217 [http-nio-8086-exec-6] INFO  c.cts.controller.TraineeController - Received request to fetch candidate with ID: 109647
2026-07-20 10:28:08.231 [http-nio-8086-exec-6] DEBUG c.cts.controller.TraineeController - Successfully fetched candidate with ID: 109647
2026-07-20 10:28:08.234 [http-nio-8086-exec-8] INFO  com.cts.security.AuthTokenFilter - AuthTokenFilter: parsed JWT present=true
2026-07-20 10:28:08.240 [http-nio-8086-exec-8] INFO  com.cts.security.AuthTokenFilter - AuthTokenFilter: token valid for user=Gopal.Likhitha@cognizant.com
2026-07-20 10:28:08.252 [http-nio-8086-exec-8] INFO  c.cts.controller.TraineeController - Received request to fetch candidate with ID: 109647
2026-07-20 10:28:08.266 [http-nio-8086-exec-8] DEBUG c.cts.controller.TraineeController - Successfully fetched candidate with ID: 109647
2026-07-20 10:28:08.269 [http-nio-8086-exec-7] INFO  com.cts.security.AuthTokenFilter - AuthTokenFilter: parsed JWT present=true
2026-07-20 10:28:08.274 [http-nio-8086-exec-7] INFO  com.cts.security.AuthTokenFilter - AuthTokenFilter: token valid for user=Gopal.Likhitha@cognizant.com
2026-07-20 10:28:08.285 [http-nio-8086-exec-7] INFO  c.cts.controller.TraineeController - Received request to fetch candidate with ID: 109647
2026-07-20 10:28:08.296 [http-nio-8086-exec-7] DEBUG c.cts.controller.TraineeController - Successfully fetched candidate with ID: 109647
2026-07-20 10:28:08.299 [http-nio-8086-exec-1] INFO  com.cts.security.AuthTokenFilter - AuthTokenFilter: parsed JWT present=true
2026-07-20 10:28:08.304 [http-nio-8086-exec-1] INFO  com.cts.security.AuthTokenFilter - AuthTokenFilter: token valid for user=Gopal.Likhitha@cognizant.com
2026-07-20 10:28:08.313 [http-nio-8086-exec-1] INFO  c.cts.controller.TraineeController - Received request to fetch candidate with ID: 109647
2026-07-20 10:28:08.324 [http-nio-8086-exec-1] DEBUG c.cts.controller.TraineeController - Successfully fetched candidate with ID: 109647
2026-07-20 10:28:08.339 [http-nio-8086-exec-2] INFO  com.cts.security.AuthTokenFilter - AuthTokenFilter: parsed JWT present=false
2026-07-20 10:28:08.339 [http-nio-8086-exec-2] DEBUG com.cts.security.AuthTokenFilter - AuthTokenFilter: no valid JWT found, request will remain unauthenticated
2026-07-20 11:08:05.277 [http-nio-8086-exec-8] INFO  com.cts.security.AuthTokenFilter - AuthTokenFilter: parsed JWT present=true
2026-07-20 11:08:05.291 [http-nio-8086-exec-8] INFO  com.cts.security.AuthTokenFilter - AuthTokenFilter: token valid for user=Gopal.Likhitha@cognizant.com
2026-07-20 11:08:05.326 [http-nio-8086-exec-8] INFO  c.cts.controller.TraineeController - Received request to fetch candidate with ID: 109647
2026-07-20 11:08:05.358 [http-nio-8086-exec-8] DEBUG c.cts.controller.TraineeController - Successfully fetched candidate with ID: 109647
2026-07-20 11:08:05.358 [http-nio-8086-exec-7] INFO  com.cts.security.AuthTokenFilter - AuthTokenFilter: parsed JWT present=true
2026-07-20 11:08:05.373 [http-nio-8086-exec-7] INFO  com.cts.security.AuthTokenFilter - AuthTokenFilter: token valid for user=Gopal.Likhitha@cognizant.com
2026-07-20 11:08:05.384 [http-nio-8086-exec-7] INFO  c.cts.controller.TraineeController - Received request to fetch candidate with ID: 109647
2026-07-20 11:08:05.400 [http-nio-8086-exec-7] DEBUG c.cts.controller.TraineeController - Successfully fetched candidate with ID: 109647
2026-07-20 11:08:05.425 [http-nio-8086-exec-1] INFO  com.cts.security.AuthTokenFilter - AuthTokenFilter: parsed JWT present=true
2026-07-20 11:08:05.433 [http-nio-8086-exec-1] INFO  com.cts.security.AuthTokenFilter - AuthTokenFilter: token valid for user=Gopal.Likhitha@cognizant.com
2026-07-20 11:08:05.451 [http-nio-8086-exec-1] INFO  c.cts.controller.TraineeController - Received request to fetch candidate with ID: 109647
2026-07-20 11:08:05.476 [http-nio-8086-exec-1] DEBUG c.cts.controller.TraineeController - Successfully fetched candidate with ID: 109647
2026-07-20 11:08:05.482 [http-nio-8086-exec-2] INFO  com.cts.security.AuthTokenFilter - AuthTokenFilter: parsed JWT present=true
2026-07-20 11:08:05.484 [http-nio-8086-exec-2] INFO  com.cts.security.AuthTokenFilter - AuthTokenFilter: token valid for user=Gopal.Likhitha@cognizant.com
2026-07-20 11:08:05.509 [http-nio-8086-exec-2] INFO  c.cts.controller.TraineeController - Received request to fetch candidate with ID: 109647
2026-07-20 11:08:05.531 [http-nio-8086-exec-2] DEBUG c.cts.controller.TraineeController - Successfully fetched candidate with ID: 109647
2026-07-20 11:08:05.877 [http-nio-8086-exec-3] INFO  com.cts.security.AuthTokenFilter - AuthTokenFilter: parsed JWT present=false
2026-07-20 11:08:05.877 [http-nio-8086-exec-3] DEBUG com.cts.security.AuthTokenFilter - AuthTokenFilter: no valid JWT found, request will remain unauthenticated
2026-07-20 11:50:28.318 [http-nio-8086-exec-8] INFO  com.cts.security.AuthTokenFilter - AuthTokenFilter: parsed JWT present=true
2026-07-20 11:50:28.343 [http-nio-8086-exec-8] INFO  com.cts.security.AuthTokenFilter - AuthTokenFilter: token valid for user=Gopal.Likhitha@cognizant.com
2026-07-20 11:50:28.441 [http-nio-8086-exec-8] INFO  c.cts.controller.TraineeController - Received request to fetch candidate with ID: 109647
2026-07-20 11:50:28.475 [http-nio-8086-exec-8] DEBUG c.cts.controller.TraineeController - Successfully fetched candidate with ID: 109647
2026-07-20 11:50:28.491 [http-nio-8086-exec-8] INFO  com.cts.security.AuthTokenFilter - AuthTokenFilter: parsed JWT present=true
2026-07-20 11:50:28.503 [http-nio-8086-exec-8] INFO  com.cts.security.AuthTokenFilter - AuthTokenFilter: token valid for user=Gopal.Likhitha@cognizant.com
2026-07-20 11:50:28.522 [http-nio-8086-exec-8] INFO  c.cts.controller.TraineeController - Received request to fetch candidate with ID: 109647
2026-07-20 11:50:28.542 [http-nio-8086-exec-8] DEBUG c.cts.controller.TraineeController - Successfully fetched candidate with ID: 109647
2026-07-20 11:50:28.548 [http-nio-8086-exec-8] INFO  com.cts.security.AuthTokenFilter - AuthTokenFilter: parsed JWT present=true
2026-07-20 11:50:28.558 [http-nio-8086-exec-8] INFO  com.cts.security.AuthTokenFilter - AuthTokenFilter: token valid for user=Gopal.Likhitha@cognizant.com
2026-07-20 11:50:28.569 [http-nio-8086-exec-10] INFO  com.cts.security.AuthTokenFilter - AuthTokenFilter: parsed JWT present=false
2026-07-20 11:50:28.569 [http-nio-8086-exec-10] DEBUG com.cts.security.AuthTokenFilter - AuthTokenFilter: no valid JWT found, request will remain unauthenticated
2026-07-20 11:50:28.581 [http-nio-8086-exec-8] INFO  c.cts.controller.TraineeController - Received request to fetch candidate with ID: 109647
2026-07-20 11:50:28.602 [http-nio-8086-exec-8] DEBUG c.cts.controller.TraineeController - Successfully fetched candidate with ID: 109647
2026-07-20 11:50:28.613 [http-nio-8086-exec-9] INFO  com.cts.security.AuthTokenFilter - AuthTokenFilter: parsed JWT present=true
2026-07-20 11:50:28.625 [http-nio-8086-exec-9] INFO  com.cts.security.AuthTokenFilter - AuthTokenFilter: token valid for user=Gopal.Likhitha@cognizant.com
2026-07-20 11:50:28.641 [http-nio-8086-exec-9] INFO  c.cts.controller.TraineeController - Received request to fetch candidate with ID: 109647
2026-07-20 11:50:28.664 [http-nio-8086-exec-9] DEBUG c.cts.controller.TraineeController - Successfully fetched candidate with ID: 109647
2026-07-20 11:52:04.393 [http-nio-8086-exec-9] INFO  com.cts.security.AuthTokenFilter - AuthTokenFilter: parsed JWT present=true
2026-07-20 11:52:04.407 [http-nio-8086-exec-9] INFO  com.cts.security.AuthTokenFilter - AuthTokenFilter: token valid for user=Gopal.Likhitha@cognizant.com
2026-07-20 11:52:04.429 [http-nio-8086-exec-9] INFO  c.cts.controller.TraineeController - Received request to fetch candidate with ID: 109647
2026-07-20 11:52:04.453 [http-nio-8086-exec-9] DEBUG c.cts.controller.TraineeController - Successfully fetched candidate with ID: 109647
2026-07-20 11:52:04.462 [http-nio-8086-exec-4] INFO  com.cts.security.AuthTokenFilter - AuthTokenFilter: parsed JWT present=true
2026-07-20 11:52:04.476 [http-nio-8086-exec-4] INFO  com.cts.security.AuthTokenFilter - AuthTokenFilter: token valid for user=Gopal.Likhitha@cognizant.com
2026-07-20 11:52:04.495 [http-nio-8086-exec-4] INFO  c.cts.controller.TraineeController - Received request to fetch candidate with ID: 109647
2026-07-20 11:52:04.509 [http-nio-8086-exec-4] DEBUG c.cts.controller.TraineeController - Successfully fetched candidate with ID: 109647
2026-07-20 11:52:04.519 [http-nio-8086-exec-6] INFO  com.cts.security.AuthTokenFilter - AuthTokenFilter: parsed JWT present=true
2026-07-20 11:52:04.535 [http-nio-8086-exec-6] INFO  com.cts.security.AuthTokenFilter - AuthTokenFilter: token valid for user=Gopal.Likhitha@cognizant.com
2026-07-20 11:52:04.559 [http-nio-8086-exec-6] INFO  c.cts.controller.TraineeController - Received request to fetch candidate with ID: 109647
2026-07-20 11:52:04.575 [http-nio-8086-exec-6] DEBUG c.cts.controller.TraineeController - Successfully fetched candidate with ID: 109647
2026-07-20 11:52:04.583 [http-nio-8086-exec-7] INFO  com.cts.security.AuthTokenFilter - AuthTokenFilter: parsed JWT present=true
2026-07-20 11:52:04.591 [http-nio-8086-exec-7] INFO  com.cts.security.AuthTokenFilter - AuthTokenFilter: token valid for user=Gopal.Likhitha@cognizant.com
2026-07-20 11:52:04.607 [http-nio-8086-exec-7] INFO  c.cts.controller.TraineeController - Received request to fetch candidate with ID: 109647
2026-07-20 11:52:04.628 [http-nio-8086-exec-7] DEBUG c.cts.controller.TraineeController - Successfully fetched candidate with ID: 109647
2026-07-20 11:52:04.640 [http-nio-8086-exec-5] INFO  com.cts.security.AuthTokenFilter - AuthTokenFilter: parsed JWT present=false
2026-07-20 11:52:04.640 [http-nio-8086-exec-5] DEBUG com.cts.security.AuthTokenFilter - AuthTokenFilter: no valid JWT found, request will remain unauthenticated
2026-07-20 11:52:29.639 [http-nio-8086-exec-1] INFO  com.cts.security.AuthTokenFilter - AuthTokenFilter: parsed JWT present=false
2026-07-20 11:52:29.639 [http-nio-8086-exec-1] DEBUG com.cts.security.AuthTokenFilter - AuthTokenFilter: no valid JWT found, request will remain unauthenticated
2026-07-20 11:52:34.413 [http-nio-8086-exec-3] INFO  com.cts.security.AuthTokenFilter - AuthTokenFilter: parsed JWT present=false
2026-07-20 11:52:34.413 [http-nio-8086-exec-3] DEBUG com.cts.security.AuthTokenFilter - AuthTokenFilter: no valid JWT found, request will remain unauthenticated
2026-07-20 11:52:35.710 [http-nio-8086-exec-8] INFO  com.cts.security.AuthTokenFilter - AuthTokenFilter: parsed JWT present=false
2026-07-20 11:52:35.712 [http-nio-8086-exec-8] DEBUG com.cts.security.AuthTokenFilter - AuthTokenFilter: no valid JWT found, request will remain unauthenticated
2026-07-20 11:52:35.822 [http-nio-8086-exec-4] INFO  com.cts.security.AuthTokenFilter - AuthTokenFilter: parsed JWT present=true
2026-07-20 11:52:35.845 [http-nio-8086-exec-6] INFO  com.cts.security.AuthTokenFilter - AuthTokenFilter: parsed JWT present=false
2026-07-20 11:52:35.846 [http-nio-8086-exec-6] DEBUG com.cts.security.AuthTokenFilter - AuthTokenFilter: no valid JWT found, request will remain unauthenticated
2026-07-20 11:52:35.846 [http-nio-8086-exec-4] INFO  com.cts.security.AuthTokenFilter - AuthTokenFilter: token valid for user=JoyalJude.MP@cognizant.com
2026-07-20 11:52:35.872 [http-nio-8086-exec-4] INFO  c.cts.controller.TraineeController - Received request to fetch candidate with ID: 109599
2026-07-20 11:52:35.888 [http-nio-8086-exec-4] DEBUG c.cts.controller.TraineeController - Successfully fetched candidate with ID: 109599
2026-07-20 11:52:35.898 [http-nio-8086-exec-7] INFO  com.cts.security.AuthTokenFilter - AuthTokenFilter: parsed JWT present=true
2026-07-20 11:52:35.907 [http-nio-8086-exec-7] INFO  com.cts.security.AuthTokenFilter - AuthTokenFilter: token valid for user=JoyalJude.MP@cognizant.com
2026-07-20 11:52:35.921 [http-nio-8086-exec-7] INFO  c.cts.controller.TraineeController - Received request to fetch candidate with ID: 109599
2026-07-20 11:52:35.941 [http-nio-8086-exec-5] INFO  com.cts.security.AuthTokenFilter - AuthTokenFilter: parsed JWT present=false
2026-07-20 11:52:35.941 [http-nio-8086-exec-5] DEBUG com.cts.security.AuthTokenFilter - AuthTokenFilter: no valid JWT found, request will remain unauthenticated
2026-07-20 11:52:35.948 [http-nio-8086-exec-7] DEBUG c.cts.controller.TraineeController - Successfully fetched candidate with ID: 109599
2026-07-20 11:52:35.956 [http-nio-8086-exec-1] INFO  com.cts.security.AuthTokenFilter - AuthTokenFilter: parsed JWT present=true
2026-07-20 11:52:35.967 [http-nio-8086-exec-1] INFO  com.cts.security.AuthTokenFilter - AuthTokenFilter: token valid for user=JoyalJude.MP@cognizant.com
2026-07-20 11:52:35.985 [http-nio-8086-exec-1] INFO  c.cts.controller.TraineeController - Received request to fetch candidate with ID: 109599
2026-07-20 11:52:36.000 [http-nio-8086-exec-1] DEBUG c.cts.controller.TraineeController - Successfully fetched candidate with ID: 109599
2026-07-20 11:52:36.006 [http-nio-8086-exec-2] INFO  com.cts.security.AuthTokenFilter - AuthTokenFilter: parsed JWT present=true
2026-07-20 11:52:36.016 [http-nio-8086-exec-2] INFO  com.cts.security.AuthTokenFilter - AuthTokenFilter: token valid for user=JoyalJude.MP@cognizant.com
2026-07-20 11:52:36.033 [http-nio-8086-exec-2] INFO  c.cts.controller.TraineeController - Received request to fetch candidate with ID: 109599
2026-07-20 11:52:36.047 [http-nio-8086-exec-2] DEBUG c.cts.controller.TraineeController - Successfully fetched candidate with ID: 109599
2026-07-20 11:53:57.333 [http-nio-8086-exec-7] INFO  com.cts.security.AuthTokenFilter - AuthTokenFilter: parsed JWT present=true
2026-07-20 11:53:57.363 [http-nio-8086-exec-7] INFO  com.cts.security.AuthTokenFilter - AuthTokenFilter: token valid for user=JoyalJude.MP@cognizant.com
2026-07-20 11:53:57.429 [http-nio-8086-exec-7] INFO  c.cts.controller.TraineeController - Received request to fetch candidate with ID: 109599
2026-07-20 11:53:57.447 [http-nio-8086-exec-7] DEBUG c.cts.controller.TraineeController - Successfully fetched candidate with ID: 109599
2026-07-20 11:53:57.457 [http-nio-8086-exec-2] INFO  com.cts.security.AuthTokenFilter - AuthTokenFilter: parsed JWT present=true
2026-07-20 11:53:57.467 [http-nio-8086-exec-2] INFO  com.cts.security.AuthTokenFilter - AuthTokenFilter: token valid for user=JoyalJude.MP@cognizant.com
2026-07-20 11:53:57.485 [http-nio-8086-exec-2] INFO  c.cts.controller.TraineeController - Received request to fetch candidate with ID: 109599
2026-07-20 11:53:57.506 [http-nio-8086-exec-8] INFO  com.cts.security.AuthTokenFilter - AuthTokenFilter: parsed JWT present=false
2026-07-20 11:53:57.506 [http-nio-8086-exec-2] DEBUG c.cts.controller.TraineeController - Successfully fetched candidate with ID: 109599
2026-07-20 11:53:57.506 [http-nio-8086-exec-8] DEBUG com.cts.security.AuthTokenFilter - AuthTokenFilter: no valid JWT found, request will remain unauthenticated
2026-07-20 11:53:57.511 [http-nio-8086-exec-3] INFO  com.cts.security.AuthTokenFilter - AuthTokenFilter: parsed JWT present=true
2026-07-20 11:53:57.517 [http-nio-8086-exec-3] INFO  com.cts.security.AuthTokenFilter - AuthTokenFilter: token valid for user=JoyalJude.MP@cognizant.com
2026-07-20 11:53:57.536 [http-nio-8086-exec-3] INFO  c.cts.controller.TraineeController - Received request to fetch candidate with ID: 109599
2026-07-20 11:53:57.562 [http-nio-8086-exec-3] DEBUG c.cts.controller.TraineeController - Successfully fetched candidate with ID: 109599
2026-07-20 11:53:57.566 [http-nio-8086-exec-10] INFO  com.cts.security.AuthTokenFilter - AuthTokenFilter: parsed JWT present=true
2026-07-20 11:53:57.581 [http-nio-8086-exec-10] INFO  com.cts.security.AuthTokenFilter - AuthTokenFilter: token valid for user=JoyalJude.MP@cognizant.com
2026-07-20 11:53:57.595 [http-nio-8086-exec-10] INFO  c.cts.controller.TraineeController - Received request to fetch candidate with ID: 109599
2026-07-20 11:53:57.614 [http-nio-8086-exec-10] DEBUG c.cts.controller.TraineeController - Successfully fetched candidate with ID: 109599
2026-07-20 11:55:16.989 [http-nio-8086-exec-7] INFO  com.cts.security.AuthTokenFilter - AuthTokenFilter: parsed JWT present=false
2026-07-20 11:55:16.989 [http-nio-8086-exec-7] DEBUG com.cts.security.AuthTokenFilter - AuthTokenFilter: no valid JWT found, request will remain unauthenticated
2026-07-20 11:55:22.253 [http-nio-8086-exec-8] INFO  com.cts.security.AuthTokenFilter - AuthTokenFilter: parsed JWT present=false
2026-07-20 11:55:22.255 [http-nio-8086-exec-8] DEBUG com.cts.security.AuthTokenFilter - AuthTokenFilter: no valid JWT found, request will remain unauthenticated
2026-07-20 11:55:24.919 [http-nio-8086-exec-10] INFO  com.cts.security.AuthTokenFilter - AuthTokenFilter: parsed JWT present=true
2026-07-20 11:55:24.928 [http-nio-8086-exec-10] INFO  com.cts.security.AuthTokenFilter - AuthTokenFilter: token valid for user=admin@dossier.com
2026-07-20 11:55:24.961 [http-nio-8086-exec-10] INFO  com.cts.controller.AdminController - Received request to fetch candidates - page: 0, pageSize: null
2026-07-20 11:55:25.229 [http-nio-8086-exec-10] DEBUG com.cts.controller.AdminController - Successfully fetched page 0 with candidates
2026-07-20 11:55:27.900 [http-nio-8086-exec-6] INFO  com.cts.security.AuthTokenFilter - AuthTokenFilter: parsed JWT present=true
2026-07-20 11:55:27.923 [http-nio-8086-exec-6] INFO  com.cts.security.AuthTokenFilter - AuthTokenFilter: token valid for user=admin@dossier.com
2026-07-20 11:55:27.926 [http-nio-8086-exec-6] INFO  com.cts.controller.AdminController - Received request to fetch candidate with ID: 109599
2026-07-20 11:55:27.974 [http-nio-8086-exec-6] DEBUG com.cts.controller.AdminController - Successfully fetched candidate with ID: 109599
2026-07-20 11:55:27.980 [http-nio-8086-exec-9] INFO  com.cts.security.AuthTokenFilter - AuthTokenFilter: parsed JWT present=true
2026-07-20 11:55:27.990 [http-nio-8086-exec-9] INFO  com.cts.security.AuthTokenFilter - AuthTokenFilter: token valid for user=admin@dossier.com
2026-07-20 11:55:28.007 [http-nio-8086-exec-9] INFO  com.cts.controller.AdminController - Received request to fetch candidate with ID: 109599
2026-07-20 11:55:28.026 [http-nio-8086-exec-9] DEBUG com.cts.controller.AdminController - Successfully fetched candidate with ID: 109599
2026-07-20 11:55:28.033 [http-nio-8086-exec-1] INFO  com.cts.security.AuthTokenFilter - AuthTokenFilter: parsed JWT present=false
2026-07-20 11:55:28.033 [http-nio-8086-exec-1] DEBUG com.cts.security.AuthTokenFilter - AuthTokenFilter: no valid JWT found, request will remain unauthenticated
2026-07-20 12:02:06.921 [http-nio-8086-exec-10] INFO  com.cts.security.AuthTokenFilter - AuthTokenFilter: parsed JWT present=false
2026-07-20 12:02:06.924 [http-nio-8086-exec-10] DEBUG com.cts.security.AuthTokenFilter - AuthTokenFilter: no valid JWT found, request will remain unauthenticated
2026-07-20 12:02:08.175 [http-nio-8086-exec-5] INFO  com.cts.security.AuthTokenFilter - AuthTokenFilter: parsed JWT present=false
2026-07-20 12:02:08.175 [http-nio-8086-exec-5] DEBUG com.cts.security.AuthTokenFilter - AuthTokenFilter: no valid JWT found, request will remain unauthenticated
2026-07-20 12:02:08.309 [http-nio-8086-exec-9] INFO  com.cts.security.AuthTokenFilter - AuthTokenFilter: parsed JWT present=true
2026-07-20 12:02:08.336 [http-nio-8086-exec-1] INFO  com.cts.security.AuthTokenFilter - AuthTokenFilter: parsed JWT present=false
2026-07-20 12:02:08.336 [http-nio-8086-exec-1] DEBUG com.cts.security.AuthTokenFilter - AuthTokenFilter: no valid JWT found, request will remain unauthenticated
2026-07-20 12:02:08.336 [http-nio-8086-exec-9] INFO  com.cts.security.AuthTokenFilter - AuthTokenFilter: token valid for user=JoyalJude.MP@cognizant.com
2026-07-20 12:02:08.367 [http-nio-8086-exec-9] INFO  c.cts.controller.TraineeController - Received request to fetch candidate with ID: 109599
2026-07-20 12:02:08.383 [http-nio-8086-exec-9] DEBUG c.cts.controller.TraineeController - Successfully fetched candidate with ID: 109599
2026-07-20 12:02:08.383 [http-nio-8086-exec-8] INFO  com.cts.security.AuthTokenFilter - AuthTokenFilter: parsed JWT present=true
2026-07-20 12:02:08.400 [http-nio-8086-exec-8] INFO  com.cts.security.AuthTokenFilter - AuthTokenFilter: token valid for user=JoyalJude.MP@cognizant.com
2026-07-20 12:02:08.422 [http-nio-8086-exec-7] INFO  com.cts.security.AuthTokenFilter - AuthTokenFilter: parsed JWT present=false
2026-07-20 12:02:08.422 [http-nio-8086-exec-7] DEBUG com.cts.security.AuthTokenFilter - AuthTokenFilter: no valid JWT found, request will remain unauthenticated
2026-07-20 12:02:08.424 [http-nio-8086-exec-8] INFO  c.cts.controller.TraineeController - Received request to fetch candidate with ID: 109599
2026-07-20 12:02:08.431 [http-nio-8086-exec-8] DEBUG c.cts.controller.TraineeController - Successfully fetched candidate with ID: 109599
2026-07-20 12:02:08.445 [http-nio-8086-exec-2] INFO  com.cts.security.AuthTokenFilter - AuthTokenFilter: parsed JWT present=true
2026-07-20 12:02:08.449 [http-nio-8086-exec-2] INFO  com.cts.security.AuthTokenFilter - AuthTokenFilter: token valid for user=JoyalJude.MP@cognizant.com
2026-07-20 12:02:08.473 [http-nio-8086-exec-2] INFO  c.cts.controller.TraineeController - Received request to fetch candidate with ID: 109599
2026-07-20 12:02:08.493 [http-nio-8086-exec-2] DEBUG c.cts.controller.TraineeController - Successfully fetched candidate with ID: 109599
2026-07-20 12:02:08.493 [http-nio-8086-exec-3] INFO  com.cts.security.AuthTokenFilter - AuthTokenFilter: parsed JWT present=true
2026-07-20 12:02:08.509 [http-nio-8086-exec-3] INFO  com.cts.security.AuthTokenFilter - AuthTokenFilter: token valid for user=JoyalJude.MP@cognizant.com
2026-07-20 12:02:08.526 [http-nio-8086-exec-3] INFO  c.cts.controller.TraineeController - Received request to fetch candidate with ID: 109599
2026-07-20 12:02:08.552 [http-nio-8086-exec-3] DEBUG c.cts.controller.TraineeController - Successfully fetched candidate with ID: 109599
2026-07-20 12:18:52.285 [http-nio-8086-exec-8] INFO  com.cts.security.AuthTokenFilter - AuthTokenFilter: parsed JWT present=true
2026-07-20 12:18:52.310 [http-nio-8086-exec-8] INFO  com.cts.security.AuthTokenFilter - AuthTokenFilter: token valid for user=JoyalJude.MP@cognizant.com
2026-07-20 12:18:52.363 [http-nio-8086-exec-8] INFO  c.cts.controller.TraineeController - Received request to fetch candidate with ID: 109599
2026-07-20 12:18:52.395 [http-nio-8086-exec-8] DEBUG c.cts.controller.TraineeController - Successfully fetched candidate with ID: 109599
2026-07-20 12:18:52.408 [http-nio-8086-exec-2] INFO  com.cts.security.AuthTokenFilter - AuthTokenFilter: parsed JWT present=true
2026-07-20 12:18:52.449 [http-nio-8086-exec-2] INFO  com.cts.security.AuthTokenFilter - AuthTokenFilter: token valid for user=JoyalJude.MP@cognizant.com
2026-07-20 12:18:52.483 [http-nio-8086-exec-2] INFO  c.cts.controller.TraineeController - Received request to fetch candidate with ID: 109599
2026-07-20 12:18:52.496 [http-nio-8086-exec-3] INFO  com.cts.security.AuthTokenFilter - AuthTokenFilter: parsed JWT present=false
2026-07-20 12:18:52.496 [http-nio-8086-exec-3] DEBUG com.cts.security.AuthTokenFilter - AuthTokenFilter: no valid JWT found, request will remain unauthenticated
2026-07-20 12:18:52.509 [http-nio-8086-exec-2] DEBUG c.cts.controller.TraineeController - Successfully fetched candidate with ID: 109599
2026-07-20 12:18:52.531 [http-nio-8086-exec-5] INFO  com.cts.security.AuthTokenFilter - AuthTokenFilter: parsed JWT present=true
2026-07-20 12:18:52.551 [http-nio-8086-exec-5] INFO  com.cts.security.AuthTokenFilter - AuthTokenFilter: token valid for user=JoyalJude.MP@cognizant.com
2026-07-20 12:18:52.575 [http-nio-8086-exec-5] INFO  c.cts.controller.TraineeController - Received request to fetch candidate with ID: 109599
2026-07-20 12:18:52.594 [http-nio-8086-exec-5] DEBUG c.cts.controller.TraineeController - Successfully fetched candidate with ID: 109599
2026-07-20 12:18:52.594 [http-nio-8086-exec-10] INFO  com.cts.security.AuthTokenFilter - AuthTokenFilter: parsed JWT present=true
2026-07-20 12:18:52.616 [http-nio-8086-exec-10] INFO  com.cts.security.AuthTokenFilter - AuthTokenFilter: token valid for user=JoyalJude.MP@cognizant.com
2026-07-20 12:18:52.638 [http-nio-8086-exec-10] INFO  c.cts.controller.TraineeController - Received request to fetch candidate with ID: 109599
2026-07-20 12:18:52.656 [http-nio-8086-exec-10] DEBUG c.cts.controller.TraineeController - Successfully fetched candidate with ID: 109599
2026-07-20 12:28:58.108 [restartedMain] INFO  com.cts.Demo1Application - Starting Demo1Application using Java 21.0.2 with PID 21616 (C:\Users\2507326\OneDrive - Cognizant\Desktop\Avengers\GenC-Dossier-Application\MyProjectWork\target\classes started by 2507326 in C:\Users\2507326\OneDrive - Cognizant\Desktop\Avengers\GenC-Dossier-Application\MyProjectWork)
2026-07-20 12:28:58.109 [restartedMain] DEBUG com.cts.Demo1Application - Running with Spring Boot v3.2.4, Spring v6.1.5
2026-07-20 12:28:58.110 [restartedMain] INFO  com.cts.Demo1Application - No active profile set, falling back to 1 default profile: "default"
2026-07-20 12:29:00.420 [restartedMain] DEBUG com.cts.security.AuthTokenFilter - Filter 'authTokenFilter' configured for use
2026-07-20 12:29:01.540 [restartedMain] INFO  com.cts.Demo1Application - Started Demo1Application in 3.619 seconds (process running for 10654.099)
2026-07-20 12:29:27.876 [restartedMain] INFO  com.cts.Demo1Application - Starting Demo1Application using Java 21.0.2 with PID 21616 (C:\Users\2507326\OneDrive - Cognizant\Desktop\Avengers\GenC-Dossier-Application\MyProjectWork\target\classes started by 2507326 in C:\Users\2507326\OneDrive - Cognizant\Desktop\Avengers\GenC-Dossier-Application\MyProjectWork)
2026-07-20 12:29:27.877 [restartedMain] DEBUG com.cts.Demo1Application - Running with Spring Boot v3.2.4, Spring v6.1.5
2026-07-20 12:29:27.877 [restartedMain] INFO  com.cts.Demo1Application - No active profile set, falling back to 1 default profile: "default"
2026-07-20 12:29:29.740 [restartedMain] DEBUG com.cts.security.AuthTokenFilter - Filter 'authTokenFilter' configured for use
2026-07-20 12:29:30.543 [restartedMain] INFO  com.cts.Demo1Application - Started Demo1Application in 2.731 seconds (process running for 10683.102)
