2026-07-18 12:17:48.007 [http-nio-8086-exec-9] INFO  com.cts.security.AuthTokenFilter - AuthTokenFilter: parsed JWT present=false
2026-07-18 12:17:48.023 [http-nio-8086-exec-9] DEBUG com.cts.security.AuthTokenFilter - AuthTokenFilter: no valid JWT found, request will remain unauthenticated
2026-07-18 12:17:48.816 [http-nio-8086-exec-3] INFO  com.cts.security.AuthTokenFilter - AuthTokenFilter: parsed JWT present=true
2026-07-18 12:17:48.831 [http-nio-8086-exec-3] INFO  com.cts.security.AuthTokenFilter - AuthTokenFilter: token valid for user=DivyaDarshini.D@cognizant.com
2026-07-18 12:17:48.862 [http-nio-8086-exec-3] INFO  c.cts.controller.TraineeController - Received request to fetch candidate with ID: 103476
2026-07-18 12:17:48.894 [http-nio-8086-exec-3] DEBUG c.cts.controller.TraineeController - Successfully fetched candidate with ID: 103476
2026-07-18 12:17:48.908 [http-nio-8086-exec-4] INFO  com.cts.security.AuthTokenFilter - AuthTokenFilter: parsed JWT present=true
2026-07-18 12:17:48.916 [http-nio-8086-exec-4] INFO  com.cts.security.AuthTokenFilter - AuthTokenFilter: token valid for user=DivyaDarshini.D@cognizant.com
2026-07-18 12:17:48.928 [http-nio-8086-exec-4] INFO  c.cts.controller.TraineeController - Received request to fetch candidate with ID: 103476
2026-07-18 12:17:48.947 [http-nio-8086-exec-4] DEBUG c.cts.controller.TraineeController - Successfully fetched candidate with ID: 103476
2026-07-18 12:17:48.953 [http-nio-8086-exec-4] INFO  com.cts.security.AuthTokenFilter - AuthTokenFilter: parsed JWT present=true
2026-07-18 12:17:48.964 [http-nio-8086-exec-4] INFO  com.cts.security.AuthTokenFilter - AuthTokenFilter: token valid for user=DivyaDarshini.D@cognizant.com
2026-07-18 12:17:48.978 [http-nio-8086-exec-4] INFO  c.cts.controller.TraineeController - Received request to fetch candidate with ID: 103476
2026-07-18 12:17:48.987 [http-nio-8086-exec-8] INFO  com.cts.security.AuthTokenFilter - AuthTokenFilter: parsed JWT present=false
2026-07-18 12:17:48.988 [http-nio-8086-exec-8] DEBUG com.cts.security.AuthTokenFilter - AuthTokenFilter: no valid JWT found, request will remain unauthenticated
2026-07-18 12:17:48.995 [http-nio-8086-exec-4] DEBUG c.cts.controller.TraineeController - Successfully fetched candidate with ID: 103476
2026-07-18 12:17:49.002 [http-nio-8086-exec-6] INFO  com.cts.security.AuthTokenFilter - AuthTokenFilter: parsed JWT present=true
2026-07-18 12:17:49.015 [http-nio-8086-exec-6] INFO  com.cts.security.AuthTokenFilter - AuthTokenFilter: token valid for user=DivyaDarshini.D@cognizant.com
2026-07-18 12:17:49.027 [http-nio-8086-exec-6] INFO  c.cts.controller.TraineeController - Received request to fetch candidate with ID: 103476
2026-07-18 12:17:49.053 [http-nio-8086-exec-6] DEBUG c.cts.controller.TraineeController - Successfully fetched candidate with ID: 103476
2026-07-18 12:17:56.848 [http-nio-8086-exec-9] INFO  com.cts.security.AuthTokenFilter - AuthTokenFilter: parsed JWT present=false
2026-07-18 12:17:56.850 [http-nio-8086-exec-9] DEBUG com.cts.security.AuthTokenFilter - AuthTokenFilter: no valid JWT found, request will remain unauthenticated
2026-07-18 12:18:02.756 [http-nio-8086-exec-10] INFO  com.cts.security.AuthTokenFilter - AuthTokenFilter: parsed JWT present=false
2026-07-18 12:18:02.756 [http-nio-8086-exec-10] DEBUG com.cts.security.AuthTokenFilter - AuthTokenFilter: no valid JWT found, request will remain unauthenticated
2026-07-18 12:18:14.779 [http-nio-8086-exec-1] INFO  com.cts.security.AuthTokenFilter - AuthTokenFilter: parsed JWT present=true
2026-07-18 12:18:14.809 [http-nio-8086-exec-1] INFO  com.cts.security.AuthTokenFilter - AuthTokenFilter: token valid for user=admin@dossier.com
2026-07-18 12:18:17.296 [http-nio-8086-exec-3] INFO  com.cts.security.AuthTokenFilter - AuthTokenFilter: parsed JWT present=true
2026-07-18 12:18:17.317 [http-nio-8086-exec-3] INFO  com.cts.security.AuthTokenFilter - AuthTokenFilter: token valid for user=admin@dossier.com
2026-07-18 12:18:19.218 [http-nio-8086-exec-4] INFO  com.cts.security.AuthTokenFilter - AuthTokenFilter: parsed JWT present=true
2026-07-18 12:18:19.250 [http-nio-8086-exec-4] INFO  com.cts.security.AuthTokenFilter - AuthTokenFilter: token valid for user=admin@dossier.com
2026-07-18 12:18:19.896 [http-nio-8086-exec-8] INFO  com.cts.security.AuthTokenFilter - AuthTokenFilter: parsed JWT present=true
2026-07-18 12:18:19.917 [http-nio-8086-exec-8] INFO  com.cts.security.AuthTokenFilter - AuthTokenFilter: token valid for user=admin@dossier.com
2026-07-18 12:18:20.237 [http-nio-8086-exec-6] INFO  com.cts.security.AuthTokenFilter - AuthTokenFilter: parsed JWT present=true
2026-07-18 12:18:20.259 [http-nio-8086-exec-6] INFO  com.cts.security.AuthTokenFilter - AuthTokenFilter: token valid for user=admin@dossier.com
2026-07-18 12:19:43.789 [http-nio-8086-exec-5] INFO  com.cts.security.AuthTokenFilter - AuthTokenFilter: parsed JWT present=true
2026-07-18 12:19:43.805 [http-nio-8086-exec-5] INFO  com.cts.security.AuthTokenFilter - AuthTokenFilter: token valid for user=admin@dossier.com
2026-07-18 12:19:43.817 [http-nio-8086-exec-5] INFO  com.cts.controller.AdminController - Received request to fetch candidates - page: 0, pageSize: null
2026-07-18 12:19:44.080 [http-nio-8086-exec-5] DEBUG com.cts.controller.AdminController - Successfully fetched page 0 with candidates
2026-07-18 12:24:15.656 [http-nio-8086-exec-6] INFO  com.cts.security.AuthTokenFilter - AuthTokenFilter: parsed JWT present=true
2026-07-18 12:24:15.677 [http-nio-8086-exec-6] INFO  com.cts.security.AuthTokenFilter - AuthTokenFilter: token valid for user=admin@dossier.com
2026-07-18 12:24:50.558 [http-nio-8086-exec-7] INFO  com.cts.security.AuthTokenFilter - AuthTokenFilter: parsed JWT present=true
2026-07-18 12:24:50.572 [http-nio-8086-exec-7] INFO  com.cts.security.AuthTokenFilter - AuthTokenFilter: token valid for user=admin@dossier.com
2026-07-18 12:24:57.762 [http-nio-8086-exec-2] INFO  com.cts.security.AuthTokenFilter - AuthTokenFilter: parsed JWT present=true
2026-07-18 12:24:57.799 [http-nio-8086-exec-2] INFO  com.cts.security.AuthTokenFilter - AuthTokenFilter: token valid for user=admin@dossier.com
2026-07-18 12:25:11.607 [http-nio-8086-exec-3] INFO  com.cts.security.AuthTokenFilter - AuthTokenFilter: parsed JWT present=true
2026-07-18 12:25:11.625 [http-nio-8086-exec-3] INFO  com.cts.security.AuthTokenFilter - AuthTokenFilter: token valid for user=admin@dossier.com
2026-07-18 12:33:45.352 [http-nio-8086-exec-8] INFO  com.cts.security.AuthTokenFilter - AuthTokenFilter: parsed JWT present=true
2026-07-18 12:33:45.362 [http-nio-8086-exec-8] INFO  com.cts.security.AuthTokenFilter - AuthTokenFilter: token valid for user=admin@dossier.com
2026-07-18 12:35:57.848 [http-nio-8086-exec-10] INFO  com.cts.security.AuthTokenFilter - AuthTokenFilter: parsed JWT present=true
2026-07-18 12:35:57.860 [http-nio-8086-exec-10] INFO  com.cts.security.AuthTokenFilter - AuthTokenFilter: token valid for user=admin@dossier.com
2026-07-18 12:35:57.898 [http-nio-8086-exec-2] INFO  com.cts.security.AuthTokenFilter - AuthTokenFilter: parsed JWT present=true
2026-07-18 12:35:57.906 [http-nio-8086-exec-2] INFO  com.cts.security.AuthTokenFilter - AuthTokenFilter: token valid for user=admin@dossier.com
2026-07-18 12:36:01.848 [http-nio-8086-exec-5] INFO  com.cts.security.AuthTokenFilter - AuthTokenFilter: parsed JWT present=true
2026-07-18 12:36:01.857 [http-nio-8086-exec-5] INFO  com.cts.security.AuthTokenFilter - AuthTokenFilter: token valid for user=admin@dossier.com
2026-07-18 12:36:01.892 [http-nio-8086-exec-4] INFO  com.cts.security.AuthTokenFilter - AuthTokenFilter: parsed JWT present=true
2026-07-18 12:36:01.901 [http-nio-8086-exec-4] INFO  com.cts.security.AuthTokenFilter - AuthTokenFilter: token valid for user=admin@dossier.com
2026-07-18 12:36:36.786 [http-nio-8086-exec-7] INFO  com.cts.security.AuthTokenFilter - AuthTokenFilter: parsed JWT present=true
2026-07-18 12:36:36.798 [http-nio-8086-exec-7] INFO  com.cts.security.AuthTokenFilter - AuthTokenFilter: token valid for user=admin@dossier.com
2026-07-18 12:36:36.807 [http-nio-8086-exec-7] INFO  com.cts.controller.AdminController - Received request to fetch candidates - page: 0, pageSize: null
2026-07-18 12:36:36.952 [http-nio-8086-exec-7] DEBUG com.cts.controller.AdminController - Successfully fetched page 0 with candidates
2026-07-18 15:25:43.167 [http-nio-8086-exec-3] INFO  com.cts.security.AuthTokenFilter - AuthTokenFilter: parsed JWT present=true
2026-07-18 15:25:43.198 [http-nio-8086-exec-3] INFO  com.cts.security.AuthTokenFilter - AuthTokenFilter: token valid for user=admin@dossier.com
2026-07-18 15:25:43.233 [http-nio-8086-exec-3] INFO  com.cts.controller.AdminController - Received request to fetch candidates - page: 0, pageSize: null
2026-07-18 15:25:43.607 [http-nio-8086-exec-3] DEBUG com.cts.controller.AdminController - Successfully fetched page 0 with candidates
2026-07-18 15:25:48.736 [http-nio-8086-exec-4] INFO  com.cts.security.AuthTokenFilter - AuthTokenFilter: parsed JWT present=true
2026-07-18 15:25:48.750 [http-nio-8086-exec-4] INFO  com.cts.security.AuthTokenFilter - AuthTokenFilter: token valid for user=admin@dossier.com
2026-07-18 15:25:48.774 [http-nio-8086-exec-8] INFO  com.cts.security.AuthTokenFilter - AuthTokenFilter: parsed JWT present=true
2026-07-18 15:25:48.790 [http-nio-8086-exec-8] INFO  com.cts.security.AuthTokenFilter - AuthTokenFilter: token valid for user=admin@dossier.com
2026-07-18 15:25:51.350 [http-nio-8086-exec-7] INFO  com.cts.security.AuthTokenFilter - AuthTokenFilter: parsed JWT present=true
2026-07-18 15:25:51.364 [http-nio-8086-exec-7] INFO  com.cts.security.AuthTokenFilter - AuthTokenFilter: token valid for user=admin@dossier.com
2026-07-18 15:25:51.400 [http-nio-8086-exec-7] INFO  com.cts.security.AuthTokenFilter - AuthTokenFilter: parsed JWT present=true
2026-07-18 15:25:51.416 [http-nio-8086-exec-7] INFO  com.cts.security.AuthTokenFilter - AuthTokenFilter: token valid for user=admin@dossier.com
2026-07-18 15:25:54.065 [http-nio-8086-exec-1] INFO  com.cts.security.AuthTokenFilter - AuthTokenFilter: parsed JWT present=true
2026-07-18 15:25:54.085 [http-nio-8086-exec-1] INFO  com.cts.security.AuthTokenFilter - AuthTokenFilter: token valid for user=admin@dossier.com
2026-07-18 15:25:54.117 [http-nio-8086-exec-5] INFO  com.cts.security.AuthTokenFilter - AuthTokenFilter: parsed JWT present=true
2026-07-18 15:25:54.131 [http-nio-8086-exec-5] INFO  com.cts.security.AuthTokenFilter - AuthTokenFilter: token valid for user=admin@dossier.com
2026-07-18 15:27:39.399 [http-nio-8086-exec-9] INFO  com.cts.security.AuthTokenFilter - AuthTokenFilter: parsed JWT present=true
2026-07-18 15:27:39.415 [http-nio-8086-exec-9] INFO  com.cts.security.AuthTokenFilter - AuthTokenFilter: token valid for user=admin@dossier.com
2026-07-18 15:27:41.434 [http-nio-8086-exec-7] INFO  com.cts.security.AuthTokenFilter - AuthTokenFilter: parsed JWT present=true
2026-07-18 15:27:41.448 [http-nio-8086-exec-7] INFO  com.cts.security.AuthTokenFilter - AuthTokenFilter: token valid for user=admin@dossier.com
2026-07-18 15:27:42.040 [http-nio-8086-exec-3] INFO  com.cts.security.AuthTokenFilter - AuthTokenFilter: parsed JWT present=true
2026-07-18 15:27:42.053 [http-nio-8086-exec-3] INFO  com.cts.security.AuthTokenFilter - AuthTokenFilter: token valid for user=admin@dossier.com
2026-07-18 15:28:09.555 [http-nio-8086-exec-1] INFO  com.cts.security.AuthTokenFilter - AuthTokenFilter: parsed JWT present=true
2026-07-18 15:28:09.572 [http-nio-8086-exec-1] INFO  com.cts.security.AuthTokenFilter - AuthTokenFilter: token valid for user=admin@dossier.com
2026-07-18 15:28:11.695 [http-nio-8086-exec-4] INFO  com.cts.security.AuthTokenFilter - AuthTokenFilter: parsed JWT present=true
2026-07-18 15:28:11.723 [http-nio-8086-exec-4] INFO  com.cts.security.AuthTokenFilter - AuthTokenFilter: token valid for user=admin@dossier.com
2026-07-18 15:32:01.615 [http-nio-8086-exec-9] INFO  com.cts.security.AuthTokenFilter - AuthTokenFilter: parsed JWT present=true
2026-07-18 15:32:01.642 [http-nio-8086-exec-9] INFO  com.cts.security.AuthTokenFilter - AuthTokenFilter: token valid for user=admin@dossier.com
2026-07-18 15:32:04.465 [http-nio-8086-exec-7] INFO  com.cts.security.AuthTokenFilter - AuthTokenFilter: parsed JWT present=true
2026-07-18 15:32:04.484 [http-nio-8086-exec-7] INFO  com.cts.security.AuthTokenFilter - AuthTokenFilter: token valid for user=admin@dossier.com
2026-07-18 15:34:40.836 [http-nio-8086-exec-1] INFO  com.cts.security.AuthTokenFilter - AuthTokenFilter: parsed JWT present=true
2026-07-18 15:34:40.849 [http-nio-8086-exec-1] INFO  com.cts.security.AuthTokenFilter - AuthTokenFilter: token valid for user=admin@dossier.com
2026-07-18 15:37:04.988 [restartedMain] INFO  com.cts.Demo1Application - Starting Demo1Application using Java 21.0.2 with PID 40744 (C:\Users\2507326\OneDrive - Cognizant\Desktop\Avengers\GenC-Dossier-Application\MyProjectWork\target\classes started by 2507326 in C:\Users\2507326\OneDrive - Cognizant\Desktop\Avengers\GenC-Dossier-Application\MyProjectWork)
2026-07-18 15:37:04.989 [restartedMain] DEBUG com.cts.Demo1Application - Running with Spring Boot v3.2.4, Spring v6.1.5
2026-07-18 15:37:04.991 [restartedMain] INFO  com.cts.Demo1Application - No active profile set, falling back to 1 default profile: "default"
2026-07-18 15:37:14.399 [restartedMain] DEBUG com.cts.security.AuthTokenFilter - Filter 'authTokenFilter' configured for use
2026-07-18 15:37:16.108 [restartedMain] INFO  com.cts.Demo1Application - Started Demo1Application in 11.902 seconds (process running for 13.907)
2026-07-18 15:54:21.302 [restartedMain] INFO  com.cts.Demo1Application - Starting Demo1Application using Java 21.0.2 with PID 40744 (C:\Users\2507326\OneDrive - Cognizant\Desktop\Avengers\GenC-Dossier-Application\MyProjectWork\target\classes started by 2507326 in C:\Users\2507326\OneDrive - Cognizant\Desktop\Avengers\GenC-Dossier-Application\MyProjectWork)
2026-07-18 15:54:21.303 [restartedMain] DEBUG com.cts.Demo1Application - Running with Spring Boot v3.2.4, Spring v6.1.5
2026-07-18 15:54:21.303 [restartedMain] INFO  com.cts.Demo1Application - No active profile set, falling back to 1 default profile: "default"
2026-07-18 15:54:23.376 [restartedMain] DEBUG com.cts.security.AuthTokenFilter - Filter 'authTokenFilter' configured for use
2026-07-18 15:54:24.312 [restartedMain] INFO  com.cts.Demo1Application - Started Demo1Application in 3.076 seconds (process running for 1042.112)
2026-07-18 15:55:54.199 [restartedMain] INFO  com.cts.Demo1Application - Starting Demo1Application using Java 21.0.2 with PID 40744 (C:\Users\2507326\OneDrive - Cognizant\Desktop\Avengers\GenC-Dossier-Application\MyProjectWork\target\classes started by 2507326 in C:\Users\2507326\OneDrive - Cognizant\Desktop\Avengers\GenC-Dossier-Application\MyProjectWork)
2026-07-18 15:55:54.200 [restartedMain] DEBUG com.cts.Demo1Application - Running with Spring Boot v3.2.4, Spring v6.1.5
2026-07-18 15:55:54.201 [restartedMain] INFO  com.cts.Demo1Application - No active profile set, falling back to 1 default profile: "default"
2026-07-18 15:55:55.886 [restartedMain] DEBUG com.cts.security.AuthTokenFilter - Filter 'authTokenFilter' configured for use
2026-07-18 15:55:56.609 [restartedMain] INFO  com.cts.Demo1Application - Started Demo1Application in 2.485 seconds (process running for 1134.408)
2026-07-18 15:59:04.210 [restartedMain] INFO  com.cts.Demo1Application - Starting Demo1Application using Java 21.0.2 with PID 40744 (C:\Users\2507326\OneDrive - Cognizant\Desktop\Avengers\GenC-Dossier-Application\MyProjectWork\target\classes started by 2507326 in C:\Users\2507326\OneDrive - Cognizant\Desktop\Avengers\GenC-Dossier-Application\MyProjectWork)
2026-07-18 15:59:04.210 [restartedMain] DEBUG com.cts.Demo1Application - Running with Spring Boot v3.2.4, Spring v6.1.5
2026-07-18 15:59:04.211 [restartedMain] INFO  com.cts.Demo1Application - No active profile set, falling back to 1 default profile: "default"
2026-07-18 15:59:05.761 [restartedMain] DEBUG com.cts.security.AuthTokenFilter - Filter 'authTokenFilter' configured for use
2026-07-18 15:59:06.421 [restartedMain] INFO  com.cts.Demo1Application - Started Demo1Application in 2.268 seconds (process running for 1324.22)
2026-07-18 15:59:14.367 [restartedMain] INFO  com.cts.Demo1Application - Starting Demo1Application using Java 21.0.2 with PID 40744 (C:\Users\2507326\OneDrive - Cognizant\Desktop\Avengers\GenC-Dossier-Application\MyProjectWork\target\classes started by 2507326 in C:\Users\2507326\OneDrive - Cognizant\Desktop\Avengers\GenC-Dossier-Application\MyProjectWork)
2026-07-18 15:59:14.367 [restartedMain] DEBUG com.cts.Demo1Application - Running with Spring Boot v3.2.4, Spring v6.1.5
2026-07-18 15:59:14.368 [restartedMain] INFO  com.cts.Demo1Application - No active profile set, falling back to 1 default profile: "default"
2026-07-18 15:59:15.646 [restartedMain] DEBUG com.cts.security.AuthTokenFilter - Filter 'authTokenFilter' configured for use
2026-07-18 15:59:16.197 [restartedMain] INFO  com.cts.Demo1Application - Started Demo1Application in 1.872 seconds (process running for 1333.996)
